<?xml version="1.0" encoding="UTF-8"?>
<testng-results skipped="0" failed="0" ignored="0" total="87" passed="87">
  <reporter-output>
  </reporter-output>
  <suite name="Default suite" duration-ms="1231032" started-at="2018-01-16T10:26:31Z" finished-at="2018-01-16T10:47:02Z">
    <groups>
      <group name="Opus">
        <method signature="Validate_PostRouteDetail_COM.Validation_PostRouteDetailReport_DataValidation_COM(java.lang.String, java.lang.String, java.lang.String, java.lang.String, java.lang.String, java.lang.String, java.lang.String, java.lang.String, java.lang.String, java.lang.String, java.lang.String, java.lang.String)[pri:0, instance:Logi.PostRouteDetailReport.Validate_PostRouteDetail_COM@34123d65]" name="Validation_PostRouteDetailReport_DataValidation_COM" class="Logi.PostRouteDetailReport.Validate_PostRouteDetail_COM"/>
      </group> <!-- Opus -->
    </groups>
    <test name="Default test" duration-ms="1231032" started-at="2018-01-16T10:26:31Z" finished-at="2018-01-16T10:47:02Z">
      <class name="Logi.PostRouteDetailReport.Validate_PostRouteDetail_COM">
        <test-method status="PASS" signature="initializeWebdriver()[pri:0, instance:Logi.PostRouteDetailReport.Validate_PostRouteDetail_COM@34123d65]" name="initializeWebdriver" is-config="true" duration-ms="1625" started-at="2018-01-16T04:26:29Z" finished-at="2018-01-16T04:26:31Z">
          <reporter-output>
          </reporter-output>
        </test-method> <!-- initializeWebdriver -->
        <test-method status="PASS" signature="Validation_PostRouteDetailReport_DataValidation_COM(java.lang.String, java.lang.String, java.lang.String, java.lang.String, java.lang.String, java.lang.String, java.lang.String, java.lang.String, java.lang.String, java.lang.String, java.lang.String, java.lang.String)[pri:0, instance:Logi.PostRouteDetailReport.Validate_PostRouteDetail_COM@34123d65]" name="Validation_PostRouteDetailReport_DataValidation_COM" duration-ms="31" started-at="2018-01-16T04:26:34Z" data-provider="LOGI_Reports_Data" finished-at="2018-01-16T04:26:34Z">
          <params>
            <param index="0">
              <value>
                <![CDATA[Validate_EfficiencyPerformanceReport_COM]]>
              </value>
            </param>
            <param index="1">
              <value>
                <![CDATA[Yes]]>
              </value>
            </param>
            <param index="2">
              <value>
                <![CDATA[Efficiency Performance]]>
              </value>
            </param>
            <param index="3">
              <value>
                <![CDATA[S02878 - WM of San Antonio]]>
              </value>
            </param>
            <param index="4">
              <value>
                <![CDATA[Commercial]]>
              </value>
            </param>
            <param index="5">
              <value>
                <![CDATA[01/09/2018]]>
              </value>
            </param>
            <param index="6">
              <value>
                <![CDATA[01/09/2018]]>
              </value>
            </param>
            <param index="7">
              <value>
                <![CDATA[S2AC]]>
              </value>
            </param>
            <param index="8">
              <value>
                <![CDATA[Segovia Jr, Juan]]>
              </value>
            </param>
            <param index="9">
              <value>
                <![CDATA[01:00 AM]]>
              </value>
            </param>
            <param index="10">
              <value>
                <![CDATA[06:29 AM]]>
              </value>
            </param>
            <param index="11">
              <value>
                <![CDATA[NA]]>
              </value>
            </param>
          </params>
          <reporter-output>
          </reporter-output>
        </test-method> <!-- Validation_PostRouteDetailReport_DataValidation_COM -->
        <test-method status="PASS" signature="Validation_PostRouteDetailReport_DataValidation_COM(java.lang.String, java.lang.String, java.lang.String, java.lang.String, java.lang.String, java.lang.String, java.lang.String, java.lang.String, java.lang.String, java.lang.String, java.lang.String, java.lang.String)[pri:0, instance:Logi.PostRouteDetailReport.Validate_PostRouteDetail_COM@34123d65]" name="Validation_PostRouteDetailReport_DataValidation_COM" duration-ms="15" started-at="2018-01-16T04:26:34Z" data-provider="LOGI_Reports_Data" finished-at="2018-01-16T04:26:34Z">
          <params>
            <param index="0">
              <value>
                <![CDATA[Validate_EfficiencyPerformanceReport_RESI]]>
              </value>
            </param>
            <param index="1">
              <value>
                <![CDATA[Yes]]>
              </value>
            </param>
            <param index="2">
              <value>
                <![CDATA[Efficiency Performance]]>
              </value>
            </param>
            <param index="3">
              <value>
                <![CDATA[S02878 - WM of San Antonio]]>
              </value>
            </param>
            <param index="4">
              <value>
                <![CDATA[Residential]]>
              </value>
            </param>
            <param index="5">
              <value>
                <![CDATA[01/09/2018]]>
              </value>
            </param>
            <param index="6">
              <value>
                <![CDATA[01/09/2018]]>
              </value>
            </param>
            <param index="7">
              <value>
                <![CDATA[S2PD]]>
              </value>
            </param>
            <param index="8">
              <value>
                <![CDATA[Brandt, Mary]]>
              </value>
            </param>
            <param index="9">
              <value>
                <![CDATA[02:15 AM]]>
              </value>
            </param>
            <param index="10">
              <value>
                <![CDATA[08:00 AM]]>
              </value>
            </param>
            <param index="11">
              <value>
                <![CDATA[NA]]>
              </value>
            </param>
          </params>
          <reporter-output>
          </reporter-output>
        </test-method> <!-- Validation_PostRouteDetailReport_DataValidation_COM -->
        <test-method status="PASS" signature="Validation_PostRouteDetailReport_DataValidation_COM(java.lang.String, java.lang.String, java.lang.String, java.lang.String, java.lang.String, java.lang.String, java.lang.String, java.lang.String, java.lang.String, java.lang.String, java.lang.String, java.lang.String)[pri:0, instance:Logi.PostRouteDetailReport.Validate_PostRouteDetail_COM@34123d65]" name="Validation_PostRouteDetailReport_DataValidation_COM" duration-ms="16" started-at="2018-01-16T04:26:34Z" data-provider="LOGI_Reports_Data" finished-at="2018-01-16T04:26:34Z">
          <params>
            <param index="0">
              <value>
                <![CDATA[Validate_EfficiencyPerformanceReport_RO]]>
              </value>
            </param>
            <param index="1">
              <value>
                <![CDATA[Yes]]>
              </value>
            </param>
            <param index="2">
              <value>
                <![CDATA[Efficiency Performance]]>
              </value>
            </param>
            <param index="3">
              <value>
                <![CDATA[S02878 - WM of San Antonio]]>
              </value>
            </param>
            <param index="4">
              <value>
                <![CDATA[Roll Off]]>
              </value>
            </param>
            <param index="5">
              <value>
                <![CDATA[01/09/2018]]>
              </value>
            </param>
            <param index="6">
              <value>
                <![CDATA[01/09/2018]]>
              </value>
            </param>
            <param index="7">
              <value>
                <![CDATA[RO_SJCAS]]>
              </value>
            </param>
            <param index="8">
              <value>
                <![CDATA[Castro, Jose]]>
              </value>
            </param>
            <param index="9">
              <value>
                <![CDATA[04:00 AM]]>
              </value>
            </param>
            <param index="10">
              <value>
                <![CDATA[09:29 AM]]>
              </value>
            </param>
            <param index="11">
              <value>
                <![CDATA[771102;670298;754158;670300;670299;771993]]>
              </value>
            </param>
          </params>
          <reporter-output>
          </reporter-output>
        </test-method> <!-- Validation_PostRouteDetailReport_DataValidation_COM -->
        <test-method status="PASS" signature="Validation_PostRouteDetailReport_DataValidation_COM(java.lang.String, java.lang.String, java.lang.String, java.lang.String, java.lang.String, java.lang.String, java.lang.String, java.lang.String, java.lang.String, java.lang.String, java.lang.String, java.lang.String)[pri:0, instance:Logi.PostRouteDetailReport.Validate_PostRouteDetail_COM@34123d65]" name="Validation_PostRouteDetailReport_DataValidation_COM" duration-ms="31" started-at="2018-01-16T04:26:34Z" data-provider="LOGI_Reports_Data" finished-at="2018-01-16T04:26:34Z">
          <params>
            <param index="0">
              <value>
                <![CDATA[Validate_SummaryDashboard_Report_COM]]>
              </value>
            </param>
            <param index="1">
              <value>
                <![CDATA[Yes]]>
              </value>
            </param>
            <param index="2">
              <value>
                <![CDATA[Summary Dashboard]]>
              </value>
            </param>
            <param index="3">
              <value>
                <![CDATA[S02878 - WM of San Antonio]]>
              </value>
            </param>
            <param index="4">
              <value>
                <![CDATA[Commercial]]>
              </value>
            </param>
            <param index="5">
              <value>
                <![CDATA[01/09/2018]]>
              </value>
            </param>
            <param index="6">
              <value>
                <![CDATA[01/09/2018]]>
              </value>
            </param>
            <param index="7">
              <value>
                <![CDATA[NA]]>
              </value>
            </param>
            <param index="8">
              <value>
                <![CDATA[]]>
              </value>
            </param>
            <param index="9">
              <value>
                <![CDATA[]]>
              </value>
            </param>
            <param index="10">
              <value>
                <![CDATA[]]>
              </value>
            </param>
            <param index="11">
              <value>
                <![CDATA[]]>
              </value>
            </param>
          </params>
          <reporter-output>
          </reporter-output>
        </test-method> <!-- Validation_PostRouteDetailReport_DataValidation_COM -->
        <test-method status="PASS" signature="Validation_PostRouteDetailReport_DataValidation_COM(java.lang.String, java.lang.String, java.lang.String, java.lang.String, java.lang.String, java.lang.String, java.lang.String, java.lang.String, java.lang.String, java.lang.String, java.lang.String, java.lang.String)[pri:0, instance:Logi.PostRouteDetailReport.Validate_PostRouteDetail_COM@34123d65]" name="Validation_PostRouteDetailReport_DataValidation_COM" duration-ms="0" started-at="2018-01-16T04:26:34Z" data-provider="LOGI_Reports_Data" finished-at="2018-01-16T04:26:34Z">
          <params>
            <param index="0">
              <value>
                <![CDATA[Validate_EfficiencyPerformance_UI_Functionality_AllLOB]]>
              </value>
            </param>
            <param index="1">
              <value>
                <![CDATA[Yes]]>
              </value>
            </param>
            <param index="2">
              <value>
                <![CDATA[Efficiency Performance]]>
              </value>
            </param>
            <param index="3">
              <value>
                <![CDATA[S02878 - WM of San Antonio]]>
              </value>
            </param>
            <param index="4">
              <value>
                <![CDATA[NA]]>
              </value>
            </param>
            <param index="5">
              <value>
                <![CDATA[01/09/2018]]>
              </value>
            </param>
            <param index="6">
              <value>
                <![CDATA[01/09/2018]]>
              </value>
            </param>
            <param index="7">
              <value>
                <![CDATA[NA]]>
              </value>
            </param>
            <param index="8">
              <value>
                <![CDATA[NA]]>
              </value>
            </param>
            <param index="9">
              <value>
                <![CDATA[NA]]>
              </value>
            </param>
            <param index="10">
              <value>
                <![CDATA[NA]]>
              </value>
            </param>
            <param index="11">
              <value>
                <![CDATA[NA]]>
              </value>
            </param>
          </params>
          <reporter-output>
          </reporter-output>
        </test-method> <!-- Validation_PostRouteDetailReport_DataValidation_COM -->
        <test-method status="PASS" signature="Validation_PostRouteDetailReport_DataValidation_COM(java.lang.String, java.lang.String, java.lang.String, java.lang.String, java.lang.String, java.lang.String, java.lang.String, java.lang.String, java.lang.String, java.lang.String, java.lang.String, java.lang.String)[pri:0, instance:Logi.PostRouteDetailReport.Validate_PostRouteDetail_COM@34123d65]" name="Validation_PostRouteDetailReport_DataValidation_COM" duration-ms="0" started-at="2018-01-16T04:26:34Z" data-provider="LOGI_Reports_Data" finished-at="2018-01-16T04:26:34Z">
          <params>
            <param index="0">
              <value>
                <![CDATA[Validate_SummaryDashboard_Report_RESI]]>
              </value>
            </param>
            <param index="1">
              <value>
                <![CDATA[Yes]]>
              </value>
            </param>
            <param index="2">
              <value>
                <![CDATA[Summary Dashboard]]>
              </value>
            </param>
            <param index="3">
              <value>
                <![CDATA[S02878 - WM of San Antonio]]>
              </value>
            </param>
            <param index="4">
              <value>
                <![CDATA[Residential]]>
              </value>
            </param>
            <param index="5">
              <value>
                <![CDATA[01/09/2018]]>
              </value>
            </param>
            <param index="6">
              <value>
                <![CDATA[01/09/2018]]>
              </value>
            </param>
            <param index="7">
              <value>
                <![CDATA[NA]]>
              </value>
            </param>
            <param index="8">
              <value>
                <![CDATA[]]>
              </value>
            </param>
            <param index="9">
              <value>
                <![CDATA[]]>
              </value>
            </param>
            <param index="10">
              <value>
                <![CDATA[]]>
              </value>
            </param>
            <param index="11">
              <value>
                <![CDATA[]]>
              </value>
            </param>
          </params>
          <reporter-output>
          </reporter-output>
        </test-method> <!-- Validation_PostRouteDetailReport_DataValidation_COM -->
        <test-method status="PASS" signature="Validation_PostRouteDetailReport_DataValidation_COM(java.lang.String, java.lang.String, java.lang.String, java.lang.String, java.lang.String, java.lang.String, java.lang.String, java.lang.String, java.lang.String, java.lang.String, java.lang.String, java.lang.String)[pri:0, instance:Logi.PostRouteDetailReport.Validate_PostRouteDetail_COM@34123d65]" name="Validation_PostRouteDetailReport_DataValidation_COM" duration-ms="16" started-at="2018-01-16T04:26:34Z" data-provider="LOGI_Reports_Data" finished-at="2018-01-16T04:26:34Z">
          <params>
            <param index="0">
              <value>
                <![CDATA[Validate_SummaryDashboard_Report_RO]]>
              </value>
            </param>
            <param index="1">
              <value>
                <![CDATA[Yes]]>
              </value>
            </param>
            <param index="2">
              <value>
                <![CDATA[Summary Dashboard]]>
              </value>
            </param>
            <param index="3">
              <value>
                <![CDATA[S02878 - WM of San Antonio]]>
              </value>
            </param>
            <param index="4">
              <value>
                <![CDATA[Roll Off]]>
              </value>
            </param>
            <param index="5">
              <value>
                <![CDATA[01/09/2018]]>
              </value>
            </param>
            <param index="6">
              <value>
                <![CDATA[01/09/2018]]>
              </value>
            </param>
            <param index="7">
              <value>
                <![CDATA[NA]]>
              </value>
            </param>
            <param index="8">
              <value>
                <![CDATA[]]>
              </value>
            </param>
            <param index="9">
              <value>
                <![CDATA[]]>
              </value>
            </param>
            <param index="10">
              <value>
                <![CDATA[]]>
              </value>
            </param>
            <param index="11">
              <value>
                <![CDATA[]]>
              </value>
            </param>
          </params>
          <reporter-output>
          </reporter-output>
        </test-method> <!-- Validation_PostRouteDetailReport_DataValidation_COM -->
        <test-method status="PASS" signature="Validation_PostRouteDetailReport_DataValidation_COM(java.lang.String, java.lang.String, java.lang.String, java.lang.String, java.lang.String, java.lang.String, java.lang.String, java.lang.String, java.lang.String, java.lang.String, java.lang.String, java.lang.String)[pri:0, instance:Logi.PostRouteDetailReport.Validate_PostRouteDetail_COM@34123d65]" name="Validation_PostRouteDetailReport_DataValidation_COM" duration-ms="0" started-at="2018-01-16T04:26:34Z" data-provider="LOGI_Reports_Data" finished-at="2018-01-16T04:26:34Z">
          <params>
            <param index="0">
              <value>
                <![CDATA[Validate_SummaryDashboard_Report_UIValidation]]>
              </value>
            </param>
            <param index="1">
              <value>
                <![CDATA[Yes]]>
              </value>
            </param>
            <param index="2">
              <value>
                <![CDATA[Summary Dashboard]]>
              </value>
            </param>
            <param index="3">
              <value>
                <![CDATA[S02878 - WM of San Antonio]]>
              </value>
            </param>
            <param index="4">
              <value>
                <![CDATA[NA]]>
              </value>
            </param>
            <param index="5">
              <value>
                <![CDATA[01/09/2018]]>
              </value>
            </param>
            <param index="6">
              <value>
                <![CDATA[01/09/2018]]>
              </value>
            </param>
            <param index="7">
              <value>
                <![CDATA[NA]]>
              </value>
            </param>
            <param index="8">
              <value>
                <![CDATA[]]>
              </value>
            </param>
            <param index="9">
              <value>
                <![CDATA[]]>
              </value>
            </param>
            <param index="10">
              <value>
                <![CDATA[]]>
              </value>
            </param>
            <param index="11">
              <value>
                <![CDATA[]]>
              </value>
            </param>
          </params>
          <reporter-output>
          </reporter-output>
        </test-method> <!-- Validation_PostRouteDetailReport_DataValidation_COM -->
        <test-method status="PASS" signature="Validation_PostRouteDetailReport_DataValidation_COM(java.lang.String, java.lang.String, java.lang.String, java.lang.String, java.lang.String, java.lang.String, java.lang.String, java.lang.String, java.lang.String, java.lang.String, java.lang.String, java.lang.String)[pri:0, instance:Logi.PostRouteDetailReport.Validate_PostRouteDetail_COM@34123d65]" name="Validation_PostRouteDetailReport_DataValidation_COM" duration-ms="0" started-at="2018-01-16T04:26:34Z" data-provider="LOGI_Reports_Data" finished-at="2018-01-16T04:26:34Z">
          <params>
            <param index="0">
              <value>
                <![CDATA[Validate_EfficiencySummaryReport_COM]]>
              </value>
            </param>
            <param index="1">
              <value>
                <![CDATA[Yes]]>
              </value>
            </param>
            <param index="2">
              <value>
                <![CDATA[Efficiency Summary]]>
              </value>
            </param>
            <param index="3">
              <value>
                <![CDATA[S02878 - WM of San Antonio]]>
              </value>
            </param>
            <param index="4">
              <value>
                <![CDATA[Commercial]]>
              </value>
            </param>
            <param index="5">
              <value>
                <![CDATA[01/09/2018]]>
              </value>
            </param>
            <param index="6">
              <value>
                <![CDATA[01/09/2018]]>
              </value>
            </param>
            <param index="7">
              <value>
                <![CDATA[NA]]>
              </value>
            </param>
            <param index="8">
              <value>
                <![CDATA[NA]]>
              </value>
            </param>
            <param index="9">
              <value>
                <![CDATA[NA]]>
              </value>
            </param>
            <param index="10">
              <value>
                <![CDATA[NA]]>
              </value>
            </param>
            <param index="11">
              <value>
                <![CDATA[NA]]>
              </value>
            </param>
          </params>
          <reporter-output>
          </reporter-output>
        </test-method> <!-- Validation_PostRouteDetailReport_DataValidation_COM -->
        <test-method status="PASS" signature="Validation_PostRouteDetailReport_DataValidation_COM(java.lang.String, java.lang.String, java.lang.String, java.lang.String, java.lang.String, java.lang.String, java.lang.String, java.lang.String, java.lang.String, java.lang.String, java.lang.String, java.lang.String)[pri:0, instance:Logi.PostRouteDetailReport.Validate_PostRouteDetail_COM@34123d65]" name="Validation_PostRouteDetailReport_DataValidation_COM" duration-ms="0" started-at="2018-01-16T04:26:34Z" data-provider="LOGI_Reports_Data" finished-at="2018-01-16T04:26:34Z">
          <params>
            <param index="0">
              <value>
                <![CDATA[Validate_EfficiencySummaryReport_RESI]]>
              </value>
            </param>
            <param index="1">
              <value>
                <![CDATA[Yes]]>
              </value>
            </param>
            <param index="2">
              <value>
                <![CDATA[Efficiency Summary]]>
              </value>
            </param>
            <param index="3">
              <value>
                <![CDATA[S02878 - WM of San Antonio]]>
              </value>
            </param>
            <param index="4">
              <value>
                <![CDATA[Residential]]>
              </value>
            </param>
            <param index="5">
              <value>
                <![CDATA[01/09/2018]]>
              </value>
            </param>
            <param index="6">
              <value>
                <![CDATA[01/09/2018]]>
              </value>
            </param>
            <param index="7">
              <value>
                <![CDATA[NA]]>
              </value>
            </param>
            <param index="8">
              <value>
                <![CDATA[NA]]>
              </value>
            </param>
            <param index="9">
              <value>
                <![CDATA[NA]]>
              </value>
            </param>
            <param index="10">
              <value>
                <![CDATA[NA]]>
              </value>
            </param>
            <param index="11">
              <value>
                <![CDATA[NA]]>
              </value>
            </param>
          </params>
          <reporter-output>
          </reporter-output>
        </test-method> <!-- Validation_PostRouteDetailReport_DataValidation_COM -->
        <test-method status="PASS" signature="Validation_PostRouteDetailReport_DataValidation_COM(java.lang.String, java.lang.String, java.lang.String, java.lang.String, java.lang.String, java.lang.String, java.lang.String, java.lang.String, java.lang.String, java.lang.String, java.lang.String, java.lang.String)[pri:0, instance:Logi.PostRouteDetailReport.Validate_PostRouteDetail_COM@34123d65]" name="Validation_PostRouteDetailReport_DataValidation_COM" duration-ms="0" started-at="2018-01-16T04:26:34Z" data-provider="LOGI_Reports_Data" finished-at="2018-01-16T04:26:34Z">
          <params>
            <param index="0">
              <value>
                <![CDATA[Validate_EfficiencySummaryReport_RO]]>
              </value>
            </param>
            <param index="1">
              <value>
                <![CDATA[Yes]]>
              </value>
            </param>
            <param index="2">
              <value>
                <![CDATA[Efficiency Summary]]>
              </value>
            </param>
            <param index="3">
              <value>
                <![CDATA[S02878 - WM of San Antonio]]>
              </value>
            </param>
            <param index="4">
              <value>
                <![CDATA[Roll Off]]>
              </value>
            </param>
            <param index="5">
              <value>
                <![CDATA[01/09/2018]]>
              </value>
            </param>
            <param index="6">
              <value>
                <![CDATA[01/09/2018]]>
              </value>
            </param>
            <param index="7">
              <value>
                <![CDATA[NA]]>
              </value>
            </param>
            <param index="8">
              <value>
                <![CDATA[NA]]>
              </value>
            </param>
            <param index="9">
              <value>
                <![CDATA[NA]]>
              </value>
            </param>
            <param index="10">
              <value>
                <![CDATA[NA]]>
              </value>
            </param>
            <param index="11">
              <value>
                <![CDATA[NA]]>
              </value>
            </param>
          </params>
          <reporter-output>
          </reporter-output>
        </test-method> <!-- Validation_PostRouteDetailReport_DataValidation_COM -->
        <test-method status="PASS" signature="Validation_PostRouteDetailReport_DataValidation_COM(java.lang.String, java.lang.String, java.lang.String, java.lang.String, java.lang.String, java.lang.String, java.lang.String, java.lang.String, java.lang.String, java.lang.String, java.lang.String, java.lang.String)[pri:0, instance:Logi.PostRouteDetailReport.Validate_PostRouteDetail_COM@34123d65]" name="Validation_PostRouteDetailReport_DataValidation_COM" duration-ms="15" started-at="2018-01-16T04:26:34Z" data-provider="LOGI_Reports_Data" finished-at="2018-01-16T04:26:34Z">
          <params>
            <param index="0">
              <value>
                <![CDATA[Validate_PreRouteSummaryReport_AllLOB]]>
              </value>
            </param>
            <param index="1">
              <value>
                <![CDATA[Yes]]>
              </value>
            </param>
            <param index="2">
              <value>
                <![CDATA[Pre-Route Summary]]>
              </value>
            </param>
            <param index="3">
              <value>
                <![CDATA[S02878 - WM of San Antonio]]>
              </value>
            </param>
            <param index="4">
              <value>
                <![CDATA[All LOBs]]>
              </value>
            </param>
            <param index="5">
              <value>
                <![CDATA[01/09/2018]]>
              </value>
            </param>
            <param index="6">
              <value>
                <![CDATA[01/09/2018]]>
              </value>
            </param>
            <param index="7">
              <value>
                <![CDATA[NA]]>
              </value>
            </param>
            <param index="8">
              <value>
                <![CDATA[NA]]>
              </value>
            </param>
            <param index="9">
              <value>
                <![CDATA[NA]]>
              </value>
            </param>
            <param index="10">
              <value>
                <![CDATA[NA]]>
              </value>
            </param>
            <param index="11">
              <value>
                <![CDATA[NA]]>
              </value>
            </param>
          </params>
          <reporter-output>
          </reporter-output>
        </test-method> <!-- Validation_PostRouteDetailReport_DataValidation_COM -->
        <test-method status="PASS" signature="Validation_PostRouteDetailReport_DataValidation_COM(java.lang.String, java.lang.String, java.lang.String, java.lang.String, java.lang.String, java.lang.String, java.lang.String, java.lang.String, java.lang.String, java.lang.String, java.lang.String, java.lang.String)[pri:0, instance:Logi.PostRouteDetailReport.Validate_PostRouteDetail_COM@34123d65]" name="Validation_PostRouteDetailReport_DataValidation_COM" duration-ms="0" started-at="2018-01-16T04:26:34Z" data-provider="LOGI_Reports_Data" finished-at="2018-01-16T04:26:34Z">
          <params>
            <param index="0">
              <value>
                <![CDATA[Validate_EfficiencySummary_UI_Functionality_AllLOB]]>
              </value>
            </param>
            <param index="1">
              <value>
                <![CDATA[Yes]]>
              </value>
            </param>
            <param index="2">
              <value>
                <![CDATA[Efficiency Summary]]>
              </value>
            </param>
            <param index="3">
              <value>
                <![CDATA[S02878 - WM of San Antonio]]>
              </value>
            </param>
            <param index="4">
              <value>
                <![CDATA[NA]]>
              </value>
            </param>
            <param index="5">
              <value>
                <![CDATA[01/09/2018]]>
              </value>
            </param>
            <param index="6">
              <value>
                <![CDATA[01/09/2018]]>
              </value>
            </param>
            <param index="7">
              <value>
                <![CDATA[NA]]>
              </value>
            </param>
            <param index="8">
              <value>
                <![CDATA[NA]]>
              </value>
            </param>
            <param index="9">
              <value>
                <![CDATA[NA]]>
              </value>
            </param>
            <param index="10">
              <value>
                <![CDATA[NA]]>
              </value>
            </param>
            <param index="11">
              <value>
                <![CDATA[NA]]>
              </value>
            </param>
          </params>
          <reporter-output>
          </reporter-output>
        </test-method> <!-- Validation_PostRouteDetailReport_DataValidation_COM -->
        <test-method status="PASS" signature="Validation_PostRouteDetailReport_DataValidation_COM(java.lang.String, java.lang.String, java.lang.String, java.lang.String, java.lang.String, java.lang.String, java.lang.String, java.lang.String, java.lang.String, java.lang.String, java.lang.String, java.lang.String)[pri:0, instance:Logi.PostRouteDetailReport.Validate_PostRouteDetail_COM@34123d65]" name="Validation_PostRouteDetailReport_DataValidation_COM" duration-ms="0" started-at="2018-01-16T04:26:34Z" data-provider="LOGI_Reports_Data" finished-at="2018-01-16T04:26:34Z">
          <params>
            <param index="0">
              <value>
                <![CDATA[Validate_PreRouteSummaryReport_COM]]>
              </value>
            </param>
            <param index="1">
              <value>
                <![CDATA[Yes]]>
              </value>
            </param>
            <param index="2">
              <value>
                <![CDATA[Pre-Route Summary]]>
              </value>
            </param>
            <param index="3">
              <value>
                <![CDATA[S02878 - WM of San Antonio]]>
              </value>
            </param>
            <param index="4">
              <value>
                <![CDATA[Commercial]]>
              </value>
            </param>
            <param index="5">
              <value>
                <![CDATA[01/09/2018]]>
              </value>
            </param>
            <param index="6">
              <value>
                <![CDATA[01/09/2018]]>
              </value>
            </param>
            <param index="7">
              <value>
                <![CDATA[S2AC]]>
              </value>
            </param>
            <param index="8">
              <value>
                <![CDATA[Segovia Jr, Juan]]>
              </value>
            </param>
            <param index="9">
              <value>
                <![CDATA[01:00 AM]]>
              </value>
            </param>
            <param index="10">
              <value>
                <![CDATA[06:29 AM]]>
              </value>
            </param>
            <param index="11">
              <value>
                <![CDATA[NA]]>
              </value>
            </param>
          </params>
          <reporter-output>
          </reporter-output>
        </test-method> <!-- Validation_PostRouteDetailReport_DataValidation_COM -->
        <test-method status="PASS" signature="Validation_PostRouteDetailReport_DataValidation_COM(java.lang.String, java.lang.String, java.lang.String, java.lang.String, java.lang.String, java.lang.String, java.lang.String, java.lang.String, java.lang.String, java.lang.String, java.lang.String, java.lang.String)[pri:0, instance:Logi.PostRouteDetailReport.Validate_PostRouteDetail_COM@34123d65]" name="Validation_PostRouteDetailReport_DataValidation_COM" duration-ms="0" started-at="2018-01-16T04:26:34Z" data-provider="LOGI_Reports_Data" finished-at="2018-01-16T04:26:34Z">
          <params>
            <param index="0">
              <value>
                <![CDATA[Validate_PreRouteSummaryReport_RESI]]>
              </value>
            </param>
            <param index="1">
              <value>
                <![CDATA[Yes]]>
              </value>
            </param>
            <param index="2">
              <value>
                <![CDATA[Pre-Route Summary]]>
              </value>
            </param>
            <param index="3">
              <value>
                <![CDATA[S02878 - WM of San Antonio]]>
              </value>
            </param>
            <param index="4">
              <value>
                <![CDATA[Residential]]>
              </value>
            </param>
            <param index="5">
              <value>
                <![CDATA[01/09/2018]]>
              </value>
            </param>
            <param index="6">
              <value>
                <![CDATA[01/09/2018]]>
              </value>
            </param>
            <param index="7">
              <value>
                <![CDATA[S2PD]]>
              </value>
            </param>
            <param index="8">
              <value>
                <![CDATA[Brandt, Mary]]>
              </value>
            </param>
            <param index="9">
              <value>
                <![CDATA[02:15 AM]]>
              </value>
            </param>
            <param index="10">
              <value>
                <![CDATA[08:00 AM]]>
              </value>
            </param>
            <param index="11">
              <value>
                <![CDATA[NA]]>
              </value>
            </param>
          </params>
          <reporter-output>
          </reporter-output>
        </test-method> <!-- Validation_PostRouteDetailReport_DataValidation_COM -->
        <test-method status="PASS" signature="Validation_PostRouteDetailReport_DataValidation_COM(java.lang.String, java.lang.String, java.lang.String, java.lang.String, java.lang.String, java.lang.String, java.lang.String, java.lang.String, java.lang.String, java.lang.String, java.lang.String, java.lang.String)[pri:0, instance:Logi.PostRouteDetailReport.Validate_PostRouteDetail_COM@34123d65]" name="Validation_PostRouteDetailReport_DataValidation_COM" duration-ms="15" started-at="2018-01-16T04:26:34Z" data-provider="LOGI_Reports_Data" finished-at="2018-01-16T04:26:34Z">
          <params>
            <param index="0">
              <value>
                <![CDATA[Validate_PreRouteSummaryReport_RO]]>
              </value>
            </param>
            <param index="1">
              <value>
                <![CDATA[Yes]]>
              </value>
            </param>
            <param index="2">
              <value>
                <![CDATA[Pre-Route Summary]]>
              </value>
            </param>
            <param index="3">
              <value>
                <![CDATA[S02878 - WM of San Antonio]]>
              </value>
            </param>
            <param index="4">
              <value>
                <![CDATA[Roll Off]]>
              </value>
            </param>
            <param index="5">
              <value>
                <![CDATA[01/09/2018]]>
              </value>
            </param>
            <param index="6">
              <value>
                <![CDATA[01/09/2018]]>
              </value>
            </param>
            <param index="7">
              <value>
                <![CDATA[RO_SJCAS]]>
              </value>
            </param>
            <param index="8">
              <value>
                <![CDATA[Castro, Jose]]>
              </value>
            </param>
            <param index="9">
              <value>
                <![CDATA[04:00 AM]]>
              </value>
            </param>
            <param index="10">
              <value>
                <![CDATA[09:29 AM]]>
              </value>
            </param>
            <param index="11">
              <value>
                <![CDATA[771102;670298;754158;670300;670299;771993]]>
              </value>
            </param>
          </params>
          <reporter-output>
          </reporter-output>
        </test-method> <!-- Validation_PostRouteDetailReport_DataValidation_COM -->
        <test-method status="PASS" signature="Validation_PostRouteDetailReport_DataValidation_COM(java.lang.String, java.lang.String, java.lang.String, java.lang.String, java.lang.String, java.lang.String, java.lang.String, java.lang.String, java.lang.String, java.lang.String, java.lang.String, java.lang.String)[pri:0, instance:Logi.PostRouteDetailReport.Validate_PostRouteDetail_COM@34123d65]" name="Validation_PostRouteDetailReport_DataValidation_COM" duration-ms="0" started-at="2018-01-16T04:26:34Z" data-provider="LOGI_Reports_Data" finished-at="2018-01-16T04:26:34Z">
          <params>
            <param index="0">
              <value>
                <![CDATA[Validate_PreRouteSummary_UI_Functionality_AllLOB]]>
              </value>
            </param>
            <param index="1">
              <value>
                <![CDATA[Yes]]>
              </value>
            </param>
            <param index="2">
              <value>
                <![CDATA[Pre-Route Summary]]>
              </value>
            </param>
            <param index="3">
              <value>
                <![CDATA[S02878 - WM of San Antonio]]>
              </value>
            </param>
            <param index="4">
              <value>
                <![CDATA[NA]]>
              </value>
            </param>
            <param index="5">
              <value>
                <![CDATA[01/09/2018]]>
              </value>
            </param>
            <param index="6">
              <value>
                <![CDATA[01/09/2018]]>
              </value>
            </param>
            <param index="7">
              <value>
                <![CDATA[NA]]>
              </value>
            </param>
            <param index="8">
              <value>
                <![CDATA[NA]]>
              </value>
            </param>
            <param index="9">
              <value>
                <![CDATA[NA]]>
              </value>
            </param>
            <param index="10">
              <value>
                <![CDATA[NA]]>
              </value>
            </param>
            <param index="11">
              <value>
                <![CDATA[NA]]>
              </value>
            </param>
          </params>
          <reporter-output>
          </reporter-output>
        </test-method> <!-- Validation_PostRouteDetailReport_DataValidation_COM -->
        <test-method status="PASS" signature="Validation_PostRouteDetailReport_DataValidation_COM(java.lang.String, java.lang.String, java.lang.String, java.lang.String, java.lang.String, java.lang.String, java.lang.String, java.lang.String, java.lang.String, java.lang.String, java.lang.String, java.lang.String)[pri:0, instance:Logi.PostRouteDetailReport.Validate_PostRouteDetail_COM@34123d65]" name="Validation_PostRouteDetailReport_DataValidation_COM" duration-ms="0" started-at="2018-01-16T04:26:34Z" data-provider="LOGI_Reports_Data" finished-at="2018-01-16T04:26:34Z">
          <params>
            <param index="0">
              <value>
                <![CDATA[Validate_PreRouteDetailReport_AllLOB]]>
              </value>
            </param>
            <param index="1">
              <value>
                <![CDATA[Yes]]>
              </value>
            </param>
            <param index="2">
              <value>
                <![CDATA[Pre-Route Detail]]>
              </value>
            </param>
            <param index="3">
              <value>
                <![CDATA[S02878 - WM of San Antonio]]>
              </value>
            </param>
            <param index="4">
              <value>
                <![CDATA[All LOBs]]>
              </value>
            </param>
            <param index="5">
              <value>
                <![CDATA[01/09/2018]]>
              </value>
            </param>
            <param index="6">
              <value>
                <![CDATA[01/09/2018]]>
              </value>
            </param>
            <param index="7">
              <value>
                <![CDATA[NA]]>
              </value>
            </param>
            <param index="8">
              <value>
                <![CDATA[NA]]>
              </value>
            </param>
            <param index="9">
              <value>
                <![CDATA[NA]]>
              </value>
            </param>
            <param index="10">
              <value>
                <![CDATA[NA]]>
              </value>
            </param>
            <param index="11">
              <value>
                <![CDATA[NA]]>
              </value>
            </param>
          </params>
          <reporter-output>
          </reporter-output>
        </test-method> <!-- Validation_PostRouteDetailReport_DataValidation_COM -->
        <test-method status="PASS" signature="Validation_PostRouteDetailReport_DataValidation_COM(java.lang.String, java.lang.String, java.lang.String, java.lang.String, java.lang.String, java.lang.String, java.lang.String, java.lang.String, java.lang.String, java.lang.String, java.lang.String, java.lang.String)[pri:0, instance:Logi.PostRouteDetailReport.Validate_PostRouteDetail_COM@34123d65]" name="Validation_PostRouteDetailReport_DataValidation_COM" duration-ms="0" started-at="2018-01-16T04:26:34Z" data-provider="LOGI_Reports_Data" finished-at="2018-01-16T04:26:34Z">
          <params>
            <param index="0">
              <value>
                <![CDATA[Validate_PreRouteDetailReport_COM]]>
              </value>
            </param>
            <param index="1">
              <value>
                <![CDATA[Yes]]>
              </value>
            </param>
            <param index="2">
              <value>
                <![CDATA[Pre-Route Detail]]>
              </value>
            </param>
            <param index="3">
              <value>
                <![CDATA[S02878 - WM of San Antonio]]>
              </value>
            </param>
            <param index="4">
              <value>
                <![CDATA[Commercial]]>
              </value>
            </param>
            <param index="5">
              <value>
                <![CDATA[01/09/2018]]>
              </value>
            </param>
            <param index="6">
              <value>
                <![CDATA[01/09/2018]]>
              </value>
            </param>
            <param index="7">
              <value>
                <![CDATA[S2AC]]>
              </value>
            </param>
            <param index="8">
              <value>
                <![CDATA[Segovia Jr, Juan]]>
              </value>
            </param>
            <param index="9">
              <value>
                <![CDATA[01:00 AM]]>
              </value>
            </param>
            <param index="10">
              <value>
                <![CDATA[06:29 AM]]>
              </value>
            </param>
            <param index="11">
              <value>
                <![CDATA[NA]]>
              </value>
            </param>
          </params>
          <reporter-output>
          </reporter-output>
        </test-method> <!-- Validation_PostRouteDetailReport_DataValidation_COM -->
        <test-method status="PASS" signature="Validation_PostRouteDetailReport_DataValidation_COM(java.lang.String, java.lang.String, java.lang.String, java.lang.String, java.lang.String, java.lang.String, java.lang.String, java.lang.String, java.lang.String, java.lang.String, java.lang.String, java.lang.String)[pri:0, instance:Logi.PostRouteDetailReport.Validate_PostRouteDetail_COM@34123d65]" name="Validation_PostRouteDetailReport_DataValidation_COM" duration-ms="0" started-at="2018-01-16T04:26:34Z" data-provider="LOGI_Reports_Data" finished-at="2018-01-16T04:26:34Z">
          <params>
            <param index="0">
              <value>
                <![CDATA[Validate_PreRouteDetailReport_RESI]]>
              </value>
            </param>
            <param index="1">
              <value>
                <![CDATA[Yes]]>
              </value>
            </param>
            <param index="2">
              <value>
                <![CDATA[Pre-Route Detail]]>
              </value>
            </param>
            <param index="3">
              <value>
                <![CDATA[S02878 - WM of San Antonio]]>
              </value>
            </param>
            <param index="4">
              <value>
                <![CDATA[Residential]]>
              </value>
            </param>
            <param index="5">
              <value>
                <![CDATA[01/09/2018]]>
              </value>
            </param>
            <param index="6">
              <value>
                <![CDATA[01/09/2018]]>
              </value>
            </param>
            <param index="7">
              <value>
                <![CDATA[S2PD]]>
              </value>
            </param>
            <param index="8">
              <value>
                <![CDATA[Brandt, Mary]]>
              </value>
            </param>
            <param index="9">
              <value>
                <![CDATA[02:15 AM]]>
              </value>
            </param>
            <param index="10">
              <value>
                <![CDATA[08:00 AM]]>
              </value>
            </param>
            <param index="11">
              <value>
                <![CDATA[NA]]>
              </value>
            </param>
          </params>
          <reporter-output>
          </reporter-output>
        </test-method> <!-- Validation_PostRouteDetailReport_DataValidation_COM -->
        <test-method status="PASS" signature="Validation_PostRouteDetailReport_DataValidation_COM(java.lang.String, java.lang.String, java.lang.String, java.lang.String, java.lang.String, java.lang.String, java.lang.String, java.lang.String, java.lang.String, java.lang.String, java.lang.String, java.lang.String)[pri:0, instance:Logi.PostRouteDetailReport.Validate_PostRouteDetail_COM@34123d65]" name="Validation_PostRouteDetailReport_DataValidation_COM" duration-ms="16" started-at="2018-01-16T04:26:34Z" data-provider="LOGI_Reports_Data" finished-at="2018-01-16T04:26:34Z">
          <params>
            <param index="0">
              <value>
                <![CDATA[Validate_PreRouteDetail_UI_Functionality_AllLOB]]>
              </value>
            </param>
            <param index="1">
              <value>
                <![CDATA[Yes]]>
              </value>
            </param>
            <param index="2">
              <value>
                <![CDATA[Pre-Route Detail]]>
              </value>
            </param>
            <param index="3">
              <value>
                <![CDATA[S02878 - WM of San Antonio]]>
              </value>
            </param>
            <param index="4">
              <value>
                <![CDATA[NA]]>
              </value>
            </param>
            <param index="5">
              <value>
                <![CDATA[01/09/2018]]>
              </value>
            </param>
            <param index="6">
              <value>
                <![CDATA[01/09/2018]]>
              </value>
            </param>
            <param index="7">
              <value>
                <![CDATA[NA]]>
              </value>
            </param>
            <param index="8">
              <value>
                <![CDATA[NA]]>
              </value>
            </param>
            <param index="9">
              <value>
                <![CDATA[NA]]>
              </value>
            </param>
            <param index="10">
              <value>
                <![CDATA[NA]]>
              </value>
            </param>
            <param index="11">
              <value>
                <![CDATA[NA]]>
              </value>
            </param>
          </params>
          <reporter-output>
          </reporter-output>
        </test-method> <!-- Validation_PostRouteDetailReport_DataValidation_COM -->
        <test-method status="PASS" signature="Validation_PostRouteDetailReport_DataValidation_COM(java.lang.String, java.lang.String, java.lang.String, java.lang.String, java.lang.String, java.lang.String, java.lang.String, java.lang.String, java.lang.String, java.lang.String, java.lang.String, java.lang.String)[pri:0, instance:Logi.PostRouteDetailReport.Validate_PostRouteDetail_COM@34123d65]" name="Validation_PostRouteDetailReport_DataValidation_COM" duration-ms="0" started-at="2018-01-16T04:26:34Z" data-provider="LOGI_Reports_Data" finished-at="2018-01-16T04:26:34Z">
          <params>
            <param index="0">
              <value>
                <![CDATA[Validate_PreRouteDetailReport_RO]]>
              </value>
            </param>
            <param index="1">
              <value>
                <![CDATA[Yes]]>
              </value>
            </param>
            <param index="2">
              <value>
                <![CDATA[Pre-Route Detail]]>
              </value>
            </param>
            <param index="3">
              <value>
                <![CDATA[S02878 - WM of San Antonio]]>
              </value>
            </param>
            <param index="4">
              <value>
                <![CDATA[Roll Off]]>
              </value>
            </param>
            <param index="5">
              <value>
                <![CDATA[01/09/2018]]>
              </value>
            </param>
            <param index="6">
              <value>
                <![CDATA[01/09/2018]]>
              </value>
            </param>
            <param index="7">
              <value>
                <![CDATA[RO_SJCAS]]>
              </value>
            </param>
            <param index="8">
              <value>
                <![CDATA[Castro, Jose]]>
              </value>
            </param>
            <param index="9">
              <value>
                <![CDATA[04:00 AM]]>
              </value>
            </param>
            <param index="10">
              <value>
                <![CDATA[09:29 AM]]>
              </value>
            </param>
            <param index="11">
              <value>
                <![CDATA[771102;670298;754158;670300;670299;771993]]>
              </value>
            </param>
          </params>
          <reporter-output>
          </reporter-output>
        </test-method> <!-- Validation_PostRouteDetailReport_DataValidation_COM -->
        <test-method status="PASS" signature="Validation_PostRouteDetailReport_DataValidation_COM(java.lang.String, java.lang.String, java.lang.String, java.lang.String, java.lang.String, java.lang.String, java.lang.String, java.lang.String, java.lang.String, java.lang.String, java.lang.String, java.lang.String)[pri:0, instance:Logi.PostRouteDetailReport.Validate_PostRouteDetail_COM@34123d65]" name="Validation_PostRouteDetailReport_DataValidation_COM" duration-ms="0" started-at="2018-01-16T04:26:34Z" data-provider="LOGI_Reports_Data" finished-at="2018-01-16T04:26:34Z">
          <params>
            <param index="0">
              <value>
                <![CDATA[Validate_PostRouteSummaryReport_AllLOB]]>
              </value>
            </param>
            <param index="1">
              <value>
                <![CDATA[Yes]]>
              </value>
            </param>
            <param index="2">
              <value>
                <![CDATA[Post-Route Summary]]>
              </value>
            </param>
            <param index="3">
              <value>
                <![CDATA[S02878 - WM of San Antonio]]>
              </value>
            </param>
            <param index="4">
              <value>
                <![CDATA[All LOBs]]>
              </value>
            </param>
            <param index="5">
              <value>
                <![CDATA[01/09/2018]]>
              </value>
            </param>
            <param index="6">
              <value>
                <![CDATA[01/09/2018]]>
              </value>
            </param>
            <param index="7">
              <value>
                <![CDATA[NA]]>
              </value>
            </param>
            <param index="8">
              <value>
                <![CDATA[NA]]>
              </value>
            </param>
            <param index="9">
              <value>
                <![CDATA[NA]]>
              </value>
            </param>
            <param index="10">
              <value>
                <![CDATA[NA]]>
              </value>
            </param>
            <param index="11">
              <value>
                <![CDATA[NA]]>
              </value>
            </param>
          </params>
          <reporter-output>
          </reporter-output>
        </test-method> <!-- Validation_PostRouteDetailReport_DataValidation_COM -->
        <test-method status="PASS" signature="Validation_PostRouteDetailReport_DataValidation_COM(java.lang.String, java.lang.String, java.lang.String, java.lang.String, java.lang.String, java.lang.String, java.lang.String, java.lang.String, java.lang.String, java.lang.String, java.lang.String, java.lang.String)[pri:0, instance:Logi.PostRouteDetailReport.Validate_PostRouteDetail_COM@34123d65]" name="Validation_PostRouteDetailReport_DataValidation_COM" duration-ms="0" started-at="2018-01-16T04:26:34Z" data-provider="LOGI_Reports_Data" finished-at="2018-01-16T04:26:34Z">
          <params>
            <param index="0">
              <value>
                <![CDATA[Validate_PostRouteSummaryReport_COM]]>
              </value>
            </param>
            <param index="1">
              <value>
                <![CDATA[Yes]]>
              </value>
            </param>
            <param index="2">
              <value>
                <![CDATA[Post-Route Summary]]>
              </value>
            </param>
            <param index="3">
              <value>
                <![CDATA[S02878 - WM of San Antonio]]>
              </value>
            </param>
            <param index="4">
              <value>
                <![CDATA[Commercial]]>
              </value>
            </param>
            <param index="5">
              <value>
                <![CDATA[01/09/2018]]>
              </value>
            </param>
            <param index="6">
              <value>
                <![CDATA[01/09/2018]]>
              </value>
            </param>
            <param index="7">
              <value>
                <![CDATA[S2AC]]>
              </value>
            </param>
            <param index="8">
              <value>
                <![CDATA[Segovia Jr, Juan]]>
              </value>
            </param>
            <param index="9">
              <value>
                <![CDATA[01:00 AM]]>
              </value>
            </param>
            <param index="10">
              <value>
                <![CDATA[06:29 AM]]>
              </value>
            </param>
            <param index="11">
              <value>
                <![CDATA[NA]]>
              </value>
            </param>
          </params>
          <reporter-output>
          </reporter-output>
        </test-method> <!-- Validation_PostRouteDetailReport_DataValidation_COM -->
        <test-method status="PASS" signature="Validation_PostRouteDetailReport_DataValidation_COM(java.lang.String, java.lang.String, java.lang.String, java.lang.String, java.lang.String, java.lang.String, java.lang.String, java.lang.String, java.lang.String, java.lang.String, java.lang.String, java.lang.String)[pri:0, instance:Logi.PostRouteDetailReport.Validate_PostRouteDetail_COM@34123d65]" name="Validation_PostRouteDetailReport_DataValidation_COM" duration-ms="15" started-at="2018-01-16T04:26:34Z" data-provider="LOGI_Reports_Data" finished-at="2018-01-16T04:26:34Z">
          <params>
            <param index="0">
              <value>
                <![CDATA[Validate_PostRouteSummaryReport_RO]]>
              </value>
            </param>
            <param index="1">
              <value>
                <![CDATA[Yes]]>
              </value>
            </param>
            <param index="2">
              <value>
                <![CDATA[Post-Route Summary]]>
              </value>
            </param>
            <param index="3">
              <value>
                <![CDATA[S02878 - WM of San Antonio]]>
              </value>
            </param>
            <param index="4">
              <value>
                <![CDATA[Roll Off]]>
              </value>
            </param>
            <param index="5">
              <value>
                <![CDATA[01/09/2018]]>
              </value>
            </param>
            <param index="6">
              <value>
                <![CDATA[01/09/2018]]>
              </value>
            </param>
            <param index="7">
              <value>
                <![CDATA[RO_SJCAS]]>
              </value>
            </param>
            <param index="8">
              <value>
                <![CDATA[Castro, Jose]]>
              </value>
            </param>
            <param index="9">
              <value>
                <![CDATA[04:00 AM]]>
              </value>
            </param>
            <param index="10">
              <value>
                <![CDATA[09:29 AM]]>
              </value>
            </param>
            <param index="11">
              <value>
                <![CDATA[771102;670298;754158;670300;670299;771993]]>
              </value>
            </param>
          </params>
          <reporter-output>
          </reporter-output>
        </test-method> <!-- Validation_PostRouteDetailReport_DataValidation_COM -->
        <test-method status="PASS" signature="Validation_PostRouteDetailReport_DataValidation_COM(java.lang.String, java.lang.String, java.lang.String, java.lang.String, java.lang.String, java.lang.String, java.lang.String, java.lang.String, java.lang.String, java.lang.String, java.lang.String, java.lang.String)[pri:0, instance:Logi.PostRouteDetailReport.Validate_PostRouteDetail_COM@34123d65]" name="Validation_PostRouteDetailReport_DataValidation_COM" duration-ms="0" started-at="2018-01-16T04:26:34Z" data-provider="LOGI_Reports_Data" finished-at="2018-01-16T04:26:34Z">
          <params>
            <param index="0">
              <value>
                <![CDATA[Validate_PostRouteSummaryReport_RESI]]>
              </value>
            </param>
            <param index="1">
              <value>
                <![CDATA[Yes]]>
              </value>
            </param>
            <param index="2">
              <value>
                <![CDATA[Post-Route Summary]]>
              </value>
            </param>
            <param index="3">
              <value>
                <![CDATA[S02878 - WM of San Antonio]]>
              </value>
            </param>
            <param index="4">
              <value>
                <![CDATA[Residential]]>
              </value>
            </param>
            <param index="5">
              <value>
                <![CDATA[01/09/2018]]>
              </value>
            </param>
            <param index="6">
              <value>
                <![CDATA[01/09/2018]]>
              </value>
            </param>
            <param index="7">
              <value>
                <![CDATA[S2PD]]>
              </value>
            </param>
            <param index="8">
              <value>
                <![CDATA[Brandt, Mary]]>
              </value>
            </param>
            <param index="9">
              <value>
                <![CDATA[02:15 AM]]>
              </value>
            </param>
            <param index="10">
              <value>
                <![CDATA[08:00 AM]]>
              </value>
            </param>
            <param index="11">
              <value>
                <![CDATA[NA]]>
              </value>
            </param>
          </params>
          <reporter-output>
          </reporter-output>
        </test-method> <!-- Validation_PostRouteDetailReport_DataValidation_COM -->
        <test-method status="PASS" signature="Validation_PostRouteDetailReport_DataValidation_COM(java.lang.String, java.lang.String, java.lang.String, java.lang.String, java.lang.String, java.lang.String, java.lang.String, java.lang.String, java.lang.String, java.lang.String, java.lang.String, java.lang.String)[pri:0, instance:Logi.PostRouteDetailReport.Validate_PostRouteDetail_COM@34123d65]" name="Validation_PostRouteDetailReport_DataValidation_COM" duration-ms="0" started-at="2018-01-16T04:26:34Z" data-provider="LOGI_Reports_Data" finished-at="2018-01-16T04:26:34Z">
          <params>
            <param index="0">
              <value>
                <![CDATA[Validate_PostRouteSummary_UI_Functionality_AllLOB]]>
              </value>
            </param>
            <param index="1">
              <value>
                <![CDATA[Yes]]>
              </value>
            </param>
            <param index="2">
              <value>
                <![CDATA[Post-Route Summary]]>
              </value>
            </param>
            <param index="3">
              <value>
                <![CDATA[S02878 - WM of San Antonio]]>
              </value>
            </param>
            <param index="4">
              <value>
                <![CDATA[NA]]>
              </value>
            </param>
            <param index="5">
              <value>
                <![CDATA[01/09/2018]]>
              </value>
            </param>
            <param index="6">
              <value>
                <![CDATA[01/09/2018]]>
              </value>
            </param>
            <param index="7">
              <value>
                <![CDATA[NA]]>
              </value>
            </param>
            <param index="8">
              <value>
                <![CDATA[NA]]>
              </value>
            </param>
            <param index="9">
              <value>
                <![CDATA[NA]]>
              </value>
            </param>
            <param index="10">
              <value>
                <![CDATA[NA]]>
              </value>
            </param>
            <param index="11">
              <value>
                <![CDATA[NA]]>
              </value>
            </param>
          </params>
          <reporter-output>
          </reporter-output>
        </test-method> <!-- Validation_PostRouteDetailReport_DataValidation_COM -->
        <test-method status="PASS" signature="Validation_PostRouteDetailReport_DataValidation_COM(java.lang.String, java.lang.String, java.lang.String, java.lang.String, java.lang.String, java.lang.String, java.lang.String, java.lang.String, java.lang.String, java.lang.String, java.lang.String, java.lang.String)[pri:0, instance:Logi.PostRouteDetailReport.Validate_PostRouteDetail_COM@34123d65]" name="Validation_PostRouteDetailReport_DataValidation_COM" duration-ms="0" started-at="2018-01-16T04:26:34Z" data-provider="LOGI_Reports_Data" finished-at="2018-01-16T04:26:34Z">
          <params>
            <param index="0">
              <value>
                <![CDATA[Validate_PostRouteDetailReport_AllLOB]]>
              </value>
            </param>
            <param index="1">
              <value>
                <![CDATA[Yes]]>
              </value>
            </param>
            <param index="2">
              <value>
                <![CDATA[Post-Route Detail]]>
              </value>
            </param>
            <param index="3">
              <value>
                <![CDATA[S02878 - WM of San Antonio]]>
              </value>
            </param>
            <param index="4">
              <value>
                <![CDATA[All LOBs]]>
              </value>
            </param>
            <param index="5">
              <value>
                <![CDATA[01/09/2018]]>
              </value>
            </param>
            <param index="6">
              <value>
                <![CDATA[01/09/2018]]>
              </value>
            </param>
            <param index="7">
              <value>
                <![CDATA[NA]]>
              </value>
            </param>
            <param index="8">
              <value>
                <![CDATA[NA]]>
              </value>
            </param>
            <param index="9">
              <value>
                <![CDATA[NA]]>
              </value>
            </param>
            <param index="10">
              <value>
                <![CDATA[NA]]>
              </value>
            </param>
            <param index="11">
              <value>
                <![CDATA[NA]]>
              </value>
            </param>
          </params>
          <reporter-output>
          </reporter-output>
        </test-method> <!-- Validation_PostRouteDetailReport_DataValidation_COM -->
        <test-method status="PASS" signature="Validation_PostRouteDetailReport_DataValidation_COM(java.lang.String, java.lang.String, java.lang.String, java.lang.String, java.lang.String, java.lang.String, java.lang.String, java.lang.String, java.lang.String, java.lang.String, java.lang.String, java.lang.String)[pri:0, instance:Logi.PostRouteDetailReport.Validate_PostRouteDetail_COM@34123d65]" name="Validation_PostRouteDetailReport_DataValidation_COM" duration-ms="1227885" started-at="2018-01-16T04:26:34Z" data-provider="LOGI_Reports_Data" finished-at="2018-01-16T04:47:02Z">
          <params>
            <param index="0">
              <value>
                <![CDATA[Validate_PostRouteDetailReport_COM]]>
              </value>
            </param>
            <param index="1">
              <value>
                <![CDATA[Yes]]>
              </value>
            </param>
            <param index="2">
              <value>
                <![CDATA[Post-Route Detail]]>
              </value>
            </param>
            <param index="3">
              <value>
                <![CDATA[S02878 - WM of San Antonio]]>
              </value>
            </param>
            <param index="4">
              <value>
                <![CDATA[Commercial]]>
              </value>
            </param>
            <param index="5">
              <value>
                <![CDATA[01/09/2018]]>
              </value>
            </param>
            <param index="6">
              <value>
                <![CDATA[01/09/2018]]>
              </value>
            </param>
            <param index="7">
              <value>
                <![CDATA[S2AC]]>
              </value>
            </param>
            <param index="8">
              <value>
                <![CDATA[Segovia Jr, Juan]]>
              </value>
            </param>
            <param index="9">
              <value>
                <![CDATA[01:00 AM]]>
              </value>
            </param>
            <param index="10">
              <value>
                <![CDATA[06:29 AM]]>
              </value>
            </param>
            <param index="11">
              <value>
                <![CDATA[NA]]>
              </value>
            </param>
          </params>
          <reporter-output>
          </reporter-output>
        </test-method> <!-- Validation_PostRouteDetailReport_DataValidation_COM -->
        <test-method status="PASS" signature="Validation_PostRouteDetailReport_DataValidation_COM(java.lang.String, java.lang.String, java.lang.String, java.lang.String, java.lang.String, java.lang.String, java.lang.String, java.lang.String, java.lang.String, java.lang.String, java.lang.String, java.lang.String)[pri:0, instance:Logi.PostRouteDetailReport.Validate_PostRouteDetail_COM@34123d65]" name="Validation_PostRouteDetailReport_DataValidation_COM" duration-ms="0" started-at="2018-01-16T04:47:02Z" data-provider="LOGI_Reports_Data" finished-at="2018-01-16T04:47:02Z">
          <params>
            <param index="0">
              <value>
                <![CDATA[Validate_PostRouteDetailReport_RESI]]>
              </value>
            </param>
            <param index="1">
              <value>
                <![CDATA[Yes]]>
              </value>
            </param>
            <param index="2">
              <value>
                <![CDATA[Post-Route Detail]]>
              </value>
            </param>
            <param index="3">
              <value>
                <![CDATA[S02878 - WM of San Antonio]]>
              </value>
            </param>
            <param index="4">
              <value>
                <![CDATA[Residential]]>
              </value>
            </param>
            <param index="5">
              <value>
                <![CDATA[01/09/2018]]>
              </value>
            </param>
            <param index="6">
              <value>
                <![CDATA[01/09/2018]]>
              </value>
            </param>
            <param index="7">
              <value>
                <![CDATA[S2PD]]>
              </value>
            </param>
            <param index="8">
              <value>
                <![CDATA[Brandt, Mary]]>
              </value>
            </param>
            <param index="9">
              <value>
                <![CDATA[02:15 AM]]>
              </value>
            </param>
            <param index="10">
              <value>
                <![CDATA[08:00 AM]]>
              </value>
            </param>
            <param index="11">
              <value>
                <![CDATA[NA]]>
              </value>
            </param>
          </params>
          <reporter-output>
          </reporter-output>
        </test-method> <!-- Validation_PostRouteDetailReport_DataValidation_COM -->
        <test-method status="PASS" signature="Validation_PostRouteDetailReport_DataValidation_COM(java.lang.String, java.lang.String, java.lang.String, java.lang.String, java.lang.String, java.lang.String, java.lang.String, java.lang.String, java.lang.String, java.lang.String, java.lang.String, java.lang.String)[pri:0, instance:Logi.PostRouteDetailReport.Validate_PostRouteDetail_COM@34123d65]" name="Validation_PostRouteDetailReport_DataValidation_COM" duration-ms="0" started-at="2018-01-16T04:47:02Z" data-provider="LOGI_Reports_Data" finished-at="2018-01-16T04:47:02Z">
          <params>
            <param index="0">
              <value>
                <![CDATA[Validate_PostRouteDetailReport_RO]]>
              </value>
            </param>
            <param index="1">
              <value>
                <![CDATA[Yes]]>
              </value>
            </param>
            <param index="2">
              <value>
                <![CDATA[Post-Route Detail]]>
              </value>
            </param>
            <param index="3">
              <value>
                <![CDATA[S02878 - WM of San Antonio]]>
              </value>
            </param>
            <param index="4">
              <value>
                <![CDATA[Roll Off]]>
              </value>
            </param>
            <param index="5">
              <value>
                <![CDATA[01/09/2018]]>
              </value>
            </param>
            <param index="6">
              <value>
                <![CDATA[01/09/2018]]>
              </value>
            </param>
            <param index="7">
              <value>
                <![CDATA[RO_SJCAS]]>
              </value>
            </param>
            <param index="8">
              <value>
                <![CDATA[Castro, Jose]]>
              </value>
            </param>
            <param index="9">
              <value>
                <![CDATA[04:00 AM]]>
              </value>
            </param>
            <param index="10">
              <value>
                <![CDATA[09:29 AM]]>
              </value>
            </param>
            <param index="11">
              <value>
                <![CDATA[771102;670298;754158;670300;670299;771993]]>
              </value>
            </param>
          </params>
          <reporter-output>
          </reporter-output>
        </test-method> <!-- Validation_PostRouteDetailReport_DataValidation_COM -->
        <test-method status="PASS" signature="Validation_PostRouteDetailReport_DataValidation_COM(java.lang.String, java.lang.String, java.lang.String, java.lang.String, java.lang.String, java.lang.String, java.lang.String, java.lang.String, java.lang.String, java.lang.String, java.lang.String, java.lang.String)[pri:0, instance:Logi.PostRouteDetailReport.Validate_PostRouteDetail_COM@34123d65]" name="Validation_PostRouteDetailReport_DataValidation_COM" duration-ms="0" started-at="2018-01-16T04:47:02Z" data-provider="LOGI_Reports_Data" finished-at="2018-01-16T04:47:02Z">
          <params>
            <param index="0">
              <value>
                <![CDATA[Validate_PostRouteDetail_UI_Functionality_AllLOB]]>
              </value>
            </param>
            <param index="1">
              <value>
                <![CDATA[Yes]]>
              </value>
            </param>
            <param index="2">
              <value>
                <![CDATA[Post-Route Detail]]>
              </value>
            </param>
            <param index="3">
              <value>
                <![CDATA[S02878 - WM of San Antonio]]>
              </value>
            </param>
            <param index="4">
              <value>
                <![CDATA[NA]]>
              </value>
            </param>
            <param index="5">
              <value>
                <![CDATA[01/09/2018]]>
              </value>
            </param>
            <param index="6">
              <value>
                <![CDATA[01/09/2018]]>
              </value>
            </param>
            <param index="7">
              <value>
                <![CDATA[NA]]>
              </value>
            </param>
            <param index="8">
              <value>
                <![CDATA[NA]]>
              </value>
            </param>
            <param index="9">
              <value>
                <![CDATA[NA]]>
              </value>
            </param>
            <param index="10">
[...]
          <params>
            <param index="0">
              <value>
                <![CDATA[Validate_DowntimeDetailReport_RO]]>
              </value>
            </param>
            <param index="1">
              <value>
                <![CDATA[Yes]]>
              </value>
            </param>
            <param index="2">
              <value>
                <![CDATA[Downtime Detail]]>
              </value>
            </param>
            <param index="3">
              <value>
                <![CDATA[S02878 - WM of San Antonio]]>
              </value>
            </param>
            <param index="4">
              <value>
                <![CDATA[Roll Off]]>
              </value>
            </param>
            <param index="5">
              <value>
                <![CDATA[01/09/2018]]>
              </value>
            </param>
            <param index="6">
              <value>
                <![CDATA[01/09/2018]]>
              </value>
            </param>
            <param index="7">
              <value>
                <![CDATA[RO_SJCAS]]>
              </value>
            </param>
            <param index="8">
              <value>
                <![CDATA[Castro, Jose]]>
              </value>
            </param>
            <param index="9">
              <value>
                <![CDATA[04:00 AM]]>
              </value>
            </param>
            <param index="10">
              <value>
                <![CDATA[09:29 AM]]>
              </value>
            </param>
            <param index="11">
              <value>
                <![CDATA[771102;670298;754158;670300;670299;771993]]>
              </value>
            </param>
          </params>
          <reporter-output>
          </reporter-output>
        </test-method> <!-- Validation_PostRouteDetailReport_DataValidation_COM -->
        <test-method status="PASS" signature="Validation_PostRouteDetailReport_DataValidation_COM(java.lang.String, java.lang.String, java.lang.String, java.lang.String, java.lang.String, java.lang.String, java.lang.String, java.lang.String, java.lang.String, java.lang.String, java.lang.String, java.lang.String)[pri:0, instance:Logi.PostRouteDetailReport.Validate_PostRouteDetail_COM@34123d65]" name="Validation_PostRouteDetailReport_DataValidation_COM" duration-ms="15" started-at="2018-01-16T04:47:02Z" data-provider="LOGI_Reports_Data" finished-at="2018-01-16T04:47:02Z">
          <params>
            <param index="0">
              <value>
                <![CDATA[Validate_SalesInformationDetail_COM]]>
              </value>
            </param>
            <param index="1">
              <value>
                <![CDATA[Yes]]>
              </value>
            </param>
            <param index="2">
              <value>
                <![CDATA[Sales Information Detail]]>
              </value>
            </param>
            <param index="3">
              <value>
                <![CDATA[S02878 - WM of San Antonio]]>
              </value>
            </param>
            <param index="4">
              <value>
                <![CDATA[Commercial]]>
              </value>
            </param>
            <param index="5">
              <value>
                <![CDATA[01/09/2018]]>
              </value>
            </param>
            <param index="6">
              <value>
                <![CDATA[01/09/2018]]>
              </value>
            </param>
            <param index="7">
              <value>
                <![CDATA[S2AC]]>
              </value>
            </param>
            <param index="8">
              <value>
                <![CDATA[Segovia Jr, Juan]]>
              </value>
            </param>
            <param index="9">
              <value>
                <![CDATA[01:00 AM]]>
              </value>
            </param>
            <param index="10">
              <value>
                <![CDATA[06:29 AM]]>
              </value>
            </param>
            <param index="11">
              <value>
                <![CDATA[NA]]>
              </value>
            </param>
          </params>
          <reporter-output>
          </reporter-output>
        </test-method> <!-- Validation_PostRouteDetailReport_DataValidation_COM -->
        <test-method status="PASS" signature="Validation_PostRouteDetailReport_DataValidation_COM(java.lang.String, java.lang.String, java.lang.String, java.lang.String, java.lang.String, java.lang.String, java.lang.String, java.lang.String, java.lang.String, java.lang.String, java.lang.String, java.lang.String)[pri:0, instance:Logi.PostRouteDetailReport.Validate_PostRouteDetail_COM@34123d65]" name="Validation_PostRouteDetailReport_DataValidation_COM" duration-ms="0" started-at="2018-01-16T04:47:02Z" data-provider="LOGI_Reports_Data" finished-at="2018-01-16T04:47:02Z">
          <params>
            <param index="0">
              <value>
                <![CDATA[Validate_DowntimeDetailReport_COM]]>
              </value>
            </param>
            <param index="1">
              <value>
                <![CDATA[Yes]]>
              </value>
            </param>
            <param index="2">
              <value>
                <![CDATA[Downtime Detail]]>
              </value>
            </param>
            <param index="3">
              <value>
                <![CDATA[S02878 - WM of San Antonio]]>
              </value>
            </param>
            <param index="4">
              <value>
                <![CDATA[Commercial]]>
              </value>
            </param>
            <param index="5">
              <value>
                <![CDATA[01/09/2018]]>
              </value>
            </param>
            <param index="6">
              <value>
                <![CDATA[01/09/2018]]>
              </value>
            </param>
            <param index="7">
              <value>
                <![CDATA[S2AC]]>
              </value>
            </param>
            <param index="8">
              <value>
                <![CDATA[Segovia Jr, Juan]]>
              </value>
            </param>
            <param index="9">
              <value>
                <![CDATA[01:00 AM]]>
              </value>
            </param>
            <param index="10">
              <value>
                <![CDATA[06:29 AM]]>
              </value>
            </param>
            <param index="11">
              <value>
                <![CDATA[NA]]>
              </value>
            </param>
          </params>
          <reporter-output>
          </reporter-output>
        </test-method> <!-- Validation_PostRouteDetailReport_DataValidation_COM -->
        <test-method status="PASS" signature="Validation_PostRouteDetailReport_DataValidation_COM(java.lang.String, java.lang.String, java.lang.String, java.lang.String, java.lang.String, java.lang.String, java.lang.String, java.lang.String, java.lang.String, java.lang.String, java.lang.String, java.lang.String)[pri:0, instance:Logi.PostRouteDetailReport.Validate_PostRouteDetail_COM@34123d65]" name="Validation_PostRouteDetailReport_DataValidation_COM" duration-ms="0" started-at="2018-01-16T04:47:02Z" data-provider="LOGI_Reports_Data" finished-at="2018-01-16T04:47:02Z">
          <params>
            <param index="0">
              <value>
                <![CDATA[Validate_SalesInformationDetail_AllLOB]]>
              </value>
            </param>
            <param index="1">
              <value>
                <![CDATA[Yes]]>
              </value>
            </param>
            <param index="2">
              <value>
                <![CDATA[Sales Information Detail]]>
              </value>
            </param>
            <param index="3">
              <value>
                <![CDATA[S02878 - WM of San Antonio]]>
              </value>
            </param>
            <param index="4">
              <value>
                <![CDATA[All LOBs]]>
              </value>
            </param>
            <param index="5">
              <value>
                <![CDATA[01/09/2018]]>
              </value>
            </param>
            <param index="6">
              <value>
                <![CDATA[01/09/2018]]>
              </value>
            </param>
            <param index="7">
              <value>
                <![CDATA[NA]]>
              </value>
            </param>
            <param index="8">
              <value>
                <![CDATA[NA]]>
              </value>
            </param>
            <param index="9">
              <value>
                <![CDATA[NA]]>
              </value>
            </param>
            <param index="10">
              <value>
                <![CDATA[NA]]>
              </value>
            </param>
            <param index="11">
              <value>
                <![CDATA[NA]]>
              </value>
            </param>
          </params>
          <reporter-output>
          </reporter-output>
        </test-method> <!-- Validation_PostRouteDetailReport_DataValidation_COM -->
        <test-method status="PASS" signature="Validation_PostRouteDetailReport_DataValidation_COM(java.lang.String, java.lang.String, java.lang.String, java.lang.String, java.lang.String, java.lang.String, java.lang.String, java.lang.String, java.lang.String, java.lang.String, java.lang.String, java.lang.String)[pri:0, instance:Logi.PostRouteDetailReport.Validate_PostRouteDetail_COM@34123d65]" name="Validation_PostRouteDetailReport_DataValidation_COM" duration-ms="0" started-at="2018-01-16T04:47:02Z" data-provider="LOGI_Reports_Data" finished-at="2018-01-16T04:47:02Z">
          <params>
            <param index="0">
              <value>
                <![CDATA[Validate_SalesInformationDetail_RESI]]>
              </value>
            </param>
            <param index="1">
              <value>
                <![CDATA[Yes]]>
              </value>
            </param>
            <param index="2">
              <value>
                <![CDATA[Sales Information Detail]]>
              </value>
            </param>
            <param index="3">
              <value>
                <![CDATA[S02878 - WM of San Antonio]]>
              </value>
            </param>
            <param index="4">
              <value>
                <![CDATA[Residential]]>
              </value>
            </param>
            <param index="5">
              <value>
                <![CDATA[01/09/2018]]>
              </value>
            </param>
            <param index="6">
              <value>
                <![CDATA[01/09/2018]]>
              </value>
            </param>
            <param index="7">
              <value>
                <![CDATA[S2PD]]>
              </value>
            </param>
            <param index="8">
              <value>
                <![CDATA[Brandt, Mary]]>
              </value>
            </param>
            <param index="9">
              <value>
                <![CDATA[02:15 AM]]>
              </value>
            </param>
            <param index="10">
              <value>
                <![CDATA[08:00 AM]]>
              </value>
            </param>
            <param index="11">
              <value>
                <![CDATA[NA]]>
              </value>
            </param>
          </params>
          <reporter-output>
          </reporter-output>
        </test-method> <!-- Validation_PostRouteDetailReport_DataValidation_COM -->
        <test-method status="PASS" signature="Validation_PostRouteDetailReport_DataValidation_COM(java.lang.String, java.lang.String, java.lang.String, java.lang.String, java.lang.String, java.lang.String, java.lang.String, java.lang.String, java.lang.String, java.lang.String, java.lang.String, java.lang.String)[pri:0, instance:Logi.PostRouteDetailReport.Validate_PostRouteDetail_COM@34123d65]" name="Validation_PostRouteDetailReport_DataValidation_COM" duration-ms="0" started-at="2018-01-16T04:47:02Z" data-provider="LOGI_Reports_Data" finished-at="2018-01-16T04:47:02Z">
          <params>
            <param index="0">
              <value>
                <![CDATA[Validate_FlashReportBeta_COM]]>
              </value>
            </param>
            <param index="1">
              <value>
                <![CDATA[Yes]]>
              </value>
            </param>
            <param index="2">
              <value>
                <![CDATA[Flash Report - Beta]]>
              </value>
            </param>
            <param index="3">
              <value>
                <![CDATA[S02878 - WM of San Antonio]]>
              </value>
            </param>
            <param index="4">
              <value>
                <![CDATA[Commercial]]>
              </value>
            </param>
            <param index="5">
              <value>
                <![CDATA[01/06/2018]]>
              </value>
            </param>
            <param index="6">
              <value>
                <![CDATA[01/09/2018]]>
              </value>
            </param>
            <param index="7">
              <value>
                <![CDATA[S1AA;S1AK;S2AA;S2AI;S6VA]]>
              </value>
            </param>
            <param index="8">
              <value>
                <![CDATA[NA]]>
              </value>
            </param>
            <param index="9">
              <value>
                <![CDATA[NA]]>
              </value>
            </param>
            <param index="10">
              <value>
                <![CDATA[NA]]>
              </value>
            </param>
            <param index="11">
              <value>
                <![CDATA[NA]]>
              </value>
            </param>
          </params>
          <reporter-output>
          </reporter-output>
        </test-method> <!-- Validation_PostRouteDetailReport_DataValidation_COM -->
        <test-method status="PASS" signature="Validation_PostRouteDetailReport_DataValidation_COM(java.lang.String, java.lang.String, java.lang.String, java.lang.String, java.lang.String, java.lang.String, java.lang.String, java.lang.String, java.lang.String, java.lang.String, java.lang.String, java.lang.String)[pri:0, instance:Logi.PostRouteDetailReport.Validate_PostRouteDetail_COM@34123d65]" name="Validation_PostRouteDetailReport_DataValidation_COM" duration-ms="0" started-at="2018-01-16T04:47:02Z" data-provider="LOGI_Reports_Data" finished-at="2018-01-16T04:47:02Z">
          <params>
            <param index="0">
              <value>
                <![CDATA[Validate_SalesInformationDetail_RO]]>
              </value>
            </param>
            <param index="1">
              <value>
                <![CDATA[Yes]]>
              </value>
            </param>
            <param index="2">
              <value>
                <![CDATA[Sales Information Detail]]>
              </value>
            </param>
            <param index="3">
              <value>
                <![CDATA[S02878 - WM of San Antonio]]>
              </value>
            </param>
            <param index="4">
              <value>
                <![CDATA[Roll Off]]>
              </value>
            </param>
            <param index="5">
              <value>
                <![CDATA[01/09/2018]]>
              </value>
            </param>
            <param index="6">
              <value>
                <![CDATA[01/09/2018]]>
              </value>
            </param>
            <param index="7">
              <value>
                <![CDATA[RO_SJCAS]]>
              </value>
            </param>
            <param index="8">
              <value>
                <![CDATA[Castro, Jose]]>
              </value>
            </param>
            <param index="9">
              <value>
                <![CDATA[04:00 AM]]>
              </value>
            </param>
            <param index="10">
              <value>
                <![CDATA[09:29 AM]]>
              </value>
            </param>
            <param index="11">
              <value>
                <![CDATA[771102;670298;754158;670300;670299;771993]]>
              </value>
            </param>
          </params>
          <reporter-output>
          </reporter-output>
        </test-method> <!-- Validation_PostRouteDetailReport_DataValidation_COM -->
        <test-method status="PASS" signature="Validation_PostRouteDetailReport_DataValidation_COM(java.lang.String, java.lang.String, java.lang.String, java.lang.String, java.lang.String, java.lang.String, java.lang.String, java.lang.String, java.lang.String, java.lang.String, java.lang.String, java.lang.String)[pri:0, instance:Logi.PostRouteDetailReport.Validate_PostRouteDetail_COM@34123d65]" name="Validation_PostRouteDetailReport_DataValidation_COM" duration-ms="0" started-at="2018-01-16T04:47:02Z" data-provider="LOGI_Reports_Data" finished-at="2018-01-16T04:47:02Z">
          <params>
            <param index="0">
              <value>
                <![CDATA[Validate_SalesInformationDetail_UI_Functionality_AllLOB]]>
              </value>
            </param>
            <param index="1">
              <value>
                <![CDATA[Yes]]>
              </value>
            </param>
            <param index="2">
              <value>
                <![CDATA[Sales Information Detail]]>
              </value>
            </param>
            <param index="3">
              <value>
                <![CDATA[S02878 - WM of San Antonio]]>
              </value>
            </param>
            <param index="4">
              <value>
                <![CDATA[All LOBs]]>
              </value>
            </param>
            <param index="5">
              <value>
                <![CDATA[01/09/2018]]>
              </value>
            </param>
            <param index="6">
              <value>
                <![CDATA[01/09/2018]]>
              </value>
            </param>
            <param index="7">
              <value>
                <![CDATA[NA]]>
              </value>
            </param>
            <param index="8">
              <value>
                <![CDATA[NA]]>
              </value>
            </param>
            <param index="9">
              <value>
                <![CDATA[NA]]>
              </value>
            </param>
            <param index="10">
              <value>
                <![CDATA[NA]]>
              </value>
            </param>
            <param index="11">
              <value>
                <![CDATA[NA]]>
              </value>
            </param>
          </params>
          <reporter-output>
          </reporter-output>
        </test-method> <!-- Validation_PostRouteDetailReport_DataValidation_COM -->
        <test-method status="PASS" signature="sendReportEmail()[pri:0, instance:Logi.PostRouteDetailReport.Validate_PostRouteDetail_COM@34123d65]" name="sendReportEmail" is-config="true" duration-ms="1360" started-at="2018-01-16T04:47:02Z" finished-at="2018-01-16T04:47:04Z">
          <reporter-output>
          </reporter-output>
        </test-method> <!-- sendReportEmail -->
      </class> <!-- Logi.PostRouteDetailReport.Validate_PostRouteDetail_COM -->
    </test> <!-- Default test -->
  </suite> <!-- Default suite -->
</testng-results>
